warn:  CreateDXGIFactory2: Ignoring flags
info:  Game: Adobe Spaces Helper.exe
info:  DXVK: v1.10.2
info:  Built-in extension providers:
info:    Win32 WSI
info:    OpenVR
info:    OpenXR
info:  OpenVR: could not open registry key, status 2
info:  OpenVR: Failed to locate module
info:  Enabled instance extensions:
info:    VK_KHR_get_surface_capabilities2
info:    VK_KHR_surface
info:    VK_KHR_win32_surface
info:  NVIDIA GeForce RTX 3070 Ti:
info:    Driver: 515.65.1
info:    Vulkan: 1.3.205
info:    Memory Heap[0]: 
info:      Size: 8192 MiB
info:      Flags: 0x1
info:      Memory Type[1]: Property Flags = 0x1
info:      Memory Type[4]: Property Flags = 0x7
info:    Memory Heap[1]: 
info:      Size: 24010 MiB
info:      Flags: 0x0
info:      Memory Type[0]: Property Flags = 0x0
info:      Memory Type[2]: Property Flags = 0x6
info:      Memory Type[3]: Property Flags = 0xe
warn:  DxgiAdapter::QueryInterface: Unknown interface query
warn:  17399d75-964e-4c03-99f8-9d4fd196dd62
warn:  CreateDXGIFactory2: Ignoring flags
info:  Game: Adobe Spaces Helper.exe
info:  DXVK: v1.10.2
info:  Built-in extension providers:
info:    Win32 WSI
info:    OpenVR
info:    OpenXR
info:  OpenVR: could not open registry key, status 2
info:  OpenVR: Failed to locate module
info:  Enabled instance extensions:
info:    VK_KHR_get_surface_capabilities2
info:    VK_KHR_surface
info:    VK_KHR_win32_surface
info:  NVIDIA GeForce RTX 3070 Ti:
info:    Driver: 515.65.1
info:    Vulkan: 1.3.205
info:    Memory Heap[0]: 
info:      Size: 8192 MiB
info:      Flags: 0x1
info:      Memory Type[1]: Property Flags = 0x1
info:      Memory Type[4]: Property Flags = 0x7
info:    Memory Heap[1]: 
info:      Size: 24010 MiB
info:      Flags: 0x0
info:      Memory Type[0]: Property Flags = 0x0
info:      Memory Type[2]: Property Flags = 0x6
info:      Memory Type[3]: Property Flags = 0xe
warn:  DxgiAdapter::QueryInterface: Unknown interface query
warn:  17399d75-964e-4c03-99f8-9d4fd196dd62
